<?xml version="1.0" encoding="UTF-8"?>
<!-- Generated by org.testng.reporters.JUnitReportReporter -->
<testsuite hostname="AnandKumbhalkar" failures="0" tests="1" name="testing1.kitelogin2" time="4.638" errors="0" timestamp="2024-07-21T16:59:39 IST" skipped="0">
  <testcase classname="testing1.kitelogin2" name="f" time="4.638"/>
</testsuite> <!-- testing1.kitelogin2 -->
